\BOOKMARK [1][-]{section.1}{Introduci\363n}{}% 1
\BOOKMARK [2][-]{subsection.1.1}{Contexto y motivaci\363n}{section.1}% 2
\BOOKMARK [2][-]{subsection.1.2}{Objetivos del proyecto}{section.1}% 3
\BOOKMARK [1][-]{section.2}{"State of the art"}{}% 4
\BOOKMARK [2][-]{paragraph.2.0.0.1}{\277Qu\351 es SAT?}{section.2}% 5
\BOOKMARK [3][-]{paragraph.2.0.0.2}{\277Qu\351 es un SAT solver?}{paragraph.2.0.0.1}% 6
\BOOKMARK [4][-]{paragraph.2.0.0.3}{Regresi\363n lineal}{paragraph.2.0.0.2}% 7
\BOOKMARK [4][-]{paragraph.2.0.0.4}{Microservicios}{paragraph.2.0.0.2}% 8
\BOOKMARK [4][-]{paragraph.2.0.0.5}{Sistema distribuido}{paragraph.2.0.0.2}% 9
\BOOKMARK [4][-]{paragraph.2.0.0.6}{Contenerizaci\363n de software}{paragraph.2.0.0.2}% 10
\BOOKMARK [4][-]{paragraph.2.0.0.7}{Tensor}{paragraph.2.0.0.2}% 11
\BOOKMARK [1][-]{section.3}{An\341lisis de requisitos}{}% 12
\BOOKMARK [1][-]{section.4}{Definici\363n y desarrollo}{}% 13
\BOOKMARK [2][-]{subsection.4.1}{Planificaci\363n temporal del trabajo}{section.4}% 14
\BOOKMARK [2][-]{subsection.4.2}{Definici\363n del sistema}{section.4}% 15
\BOOKMARK [2][-]{subsection.4.3}{Primera fase de desarrollo}{section.4}% 16
\BOOKMARK [3][-]{paragraph.4.3.0.1}{compile.py}{subsection.4.3}% 17
\BOOKMARK [4][-]{paragraph.4.3.0.2}{build.py}{paragraph.4.3.0.1}% 18
\BOOKMARK [4][-]{paragraph.4.3.0.3}{gateway.py}{paragraph.4.3.0.1}% 19
\BOOKMARK [2][-]{subsection.4.4}{Segunda fase de desarrollo}{section.4}% 20
\BOOKMARK [3][-]{paragraph.4.4.0.1}{regresion.py}{subsection.4.4}% 21
\BOOKMARK [4][-]{paragraph.4.4.0.2}{train.py}{paragraph.4.4.0.1}% 22
\BOOKMARK [4][-]{paragraph.4.4.0.3}{\137solve.py}{paragraph.4.4.0.1}% 23
\BOOKMARK [4][-]{paragraph.4.4.0.4}{\137get.py}{paragraph.4.4.0.1}% 24
\BOOKMARK [2][-]{subsection.4.5}{Tercera fase de desarrollo}{section.4}% 25
\BOOKMARK [3][-]{paragraph.4.5.0.1}{Balanceo de instancias}{subsection.4.5}% 26
\BOOKMARK [4][-]{paragraph.4.5.0.2}{Balanceo de solicitudes}{paragraph.4.5.0.1}% 27
\BOOKMARK [4][-]{paragraph.4.5.0.3}{Distribuci\363n de contenedores}{paragraph.4.5.0.1}% 28
\BOOKMARK [4][-]{paragraph.4.5.0.4}{Conexi\363n con nuevos nodos}{paragraph.4.5.0.1}% 29
\BOOKMARK [1][-]{section.5}{Problemas encontrados y decisiones t\351cnicas tomadas}{}% 30
\BOOKMARK [2][-]{subsection.5.1}{\277C\363mo realizan m\372ltiples clientes solicitudes al servicio de clasificaci\363n?}{section.5}% 31
\BOOKMARK [2][-]{subsection.5.2}{Varias instancias no pueden compartir dependencias}{section.5}% 32
\BOOKMARK [2][-]{subsection.5.3}{Json vs GRPC}{section.5}% 33
\BOOKMARK [2][-]{subsection.5.4}{\277Porque contener todo el sistema de ficheros en la especificaci\363n de un servicio?}{section.5}% 34
\BOOKMARK [2][-]{subsection.5.5}{\277Porque no a\361adir el Dockerfile en la especificaci\363n de un servicio?}{section.5}% 35
\BOOKMARK [2][-]{subsection.5.6}{Identificaci\363n del algoritmo hash}{section.5}% 36
\BOOKMARK [2][-]{subsection.5.7}{Sobre el mecanismo de coste de ejecuci\363n de instancias de servicios}{section.5}% 37
\BOOKMARK [2][-]{subsection.5.8}{Uso de cola en el mantenedor de instancias}{section.5}% 38
\BOOKMARK [2][-]{subsection.5.9}{Formato de hash}{section.5}% 39
\BOOKMARK [1][-]{section.6}{Resultados y conclusiones}{}% 40
\BOOKMARK [1][-]{section.7}{Trabajo futuro}{}% 41
